*** EVALUATION ***
ANSI-C/cC++ Compiler for HC08 V-5.0.41 Build 12319, Nov 15 2012

    1:  /*****************************************************************************
    2:  * Data definitions for the application client of the NV storage module.
    3:  *
    4:  * c) Copyright 2006, Freescale, Inc. All rights reserved.
    5:  *
    6:  *
    7:  * No part of this document must be reproduced in any form - including copied,
    8:  * transcribed, printed or by any electronic means - without specific written
    9:  * permission from Freescale Semiconductor.
   10:  *
   11:  *****************************************************************************/
   12:  
   13:  #include "EmbeddedTypes.h"
   14:  #include "AppToPlatformConfig.h"
   15:  #include "NVM_Interface.h"
   16:  #include "portconfig.h"
   17:  #include "NV_Data.h"
   18:  #include "FunctionLib.h"
   19:  #include "Platforminit.h"
   20:  
   21:  
   22:  #ifndef gMacStandAlone_d
   23:  #define gMacStandAlone_d  0
   24:  #endif
   25:  
   26:  
   27:  /*****************************************************************************
   28:  ******************************************************************************
   29:  * Private macros
   30:  ******************************************************************************
   31:  *****************************************************************************/
   32:  #if defined(PROCESSOR_QE128)
   33:   #define SYSTEM_CLOCK_16MHZ    /* System Clock for QE 128 */
   34:  #elif defined(PROCESSOR_MC1323X)
   35:   #define SYSTEM_CLOCK_16MHZ    /* System Clock for MC1323X */
   36:  #else
   37:  // PROCESSOR_HCS08
   38:   #define SYSTEM_CLOCK_16MHZ    /* System Clock for HCS08 */
   39:  #endif
   40:  /*****************************************************************************
   41:  ******************************************************************************
   42:  * Public memory declarations
   43:  ******************************************************************************
   44:  *****************************************************************************/
   45:  
   46:  /* The linker command file places this structure in a fixed location, to
   47:   * make it easy to find it during manufacturing.
   48:   * WARNING: The size of the FREESCALE_VERSION_STRINGS section in the linker
   49:   * command file must be manually coordinated with the size of the
   50:   * gFreescaleVersionStrings struct.
   51:   */
   52:  #pragma CONST_SEG FREESCALE_PROD_DATA
   53:  /*NOTE: DO NOT CHANGE ORDER OF THESE 2 structures*/
   54:  FreescaleVersionStrings_t const gFreescaleVersionStrings = {
   55:    0x0006,                               /* uint16_t NV_RAM_Version; */
   56:  
   57:    /* uint8_t MAC_Version[4]; */
   58:    0x01,0xFF,0xFF,0xFF,
   59:    /* uint8_t PHY_Version[4]; */
   60:    0x02,0xFF,0xFF,0xFF,
   61:    /* uint8_t STACK_Version[4]; */
   62:    0x03,0xFF,0xFF,0xFF,
   63:  
   64:    /* uint8_t APP_Version[4]; */
   65:    0x04,0xFF,0xFF,0xFF,
   66:  
   67:    /* uint8_t HWName_Revision[4]; */
   68:    0x05,0xFF,0xFF,0xFF,
   69:    /* uint8_t SerialNumber[4]; */
   70:    0x06,0x02,0x03,0x04,
   71:  
   72:    0x020F,                               /* uint16_t ProductionSite; */
   73:    0x01,                                 /* uint8_t CountryCode; */
   74:    0x04,                                 /* uint8_t ProductionWeekCode; */
   75:    0x04,                                 /* uint8_t ProductionYearCode; */
   76:    0x00,                                 /* uint8_t MCU_Manufacture; */
   77:    0x02,                                 /* uint8_t MCU_Version; */
   78:    0x00                                  /*padding*/
   79:  };
   80:  
   81:  #if defined(PROCESSOR_QE128)
   82:  
   83:  /* Used to initialize gNvMacDataSet if no NV storage copy is found. */
   84:  HardwareParameters_t const gHardwareParameters = {
   85:    gaHardwareParametersDelimiterString_c,    /* initialString */
   86:  
   87:    #ifdef SYSTEM_CLOCK_8MHZ
   88:      0x08, /* 8 MHz */
   89:      /* uint16_t Abel_Clock_Out_Setting; */
   90:        CLOCK_OUT_SETTING,
   91:      /* uint16_t Abel_HF_Calibration; */
   92:        HF_CALIBRATION,
   93:      /* ICG clock  */
   94:        0x08,                                 /* uint8_t NV_ICSC1; */
   95:      /* 0x20 => CPU clk=32 MHz, Buc clk = 16 MHz */
   96:        0x00,                                 /* uint8_t NV_ICSC2; */
   97:      /* ICS TRIM */
   98:        0x9F,                                 /* uint8_t NV_ICSTRM; */
   99:      /* ICSSC */    
  100:        0x00,                                 /* uint8_t NV_ICSSC; */
  101:    #endif SYSTEM_CLOCK_8MHZ
  102:  
  103:    #ifdef SYSTEM_CLOCK_16MHZ
  104:      0x10, /* 16 MHz */
  105:      /* uint16_t Abel_Clock_Out_Setting; */
  106:        CLOCK_OUT_SETTING,
  107:      /* uint16_t Abel_HF_Calibration; */
  108:        HF_CALIBRATION,
  109:      /* ICG clock  */
  110:        0x08,                                 /* uint8_t NV_ICSC1; */
  111:        //0x00,                                 /* uint8_t NV_ICSC1; */
  112:      /* 0x20 => CPU clk=32 MHz, Buc clk = 16 MHz */
  113:        0x00,                                 /* uint8_t NV_ICSC2; */
  114:      /* ICS TRIM */
  115:        0x9F,                                 /* uint8_t NV_ICSTRM; */
  116:      /* ICSSC */    
  117:        0x40,                                 /* uint8_t NV_ICSSC; */
  118:    #endif SYSTEM_CLOCK_16MHZ
  119:  
  120:    #ifdef SYSTEM_CLOCK_16780MHZ
  121:      0x10, /* 16 MHz */
  122:      /* uint16_t Abel_Clock_Out_Setting; */
  123:        CLOCK_OUT_SETTING,
  124:      /* uint16_t Abel_HF_Calibration; */
  125:        HF_CALIBRATION,
  126:      /* ICG clock  */
  127:      0x04,                                 /* uint8_t NV_ICSC1; */
  128:      /* 0x20 => CPU clk=32 MHz, Buc clk = 16 MHz */
  129:      0x00,                                 /* uint8_t NV_ICSC2; */
  130:  
  131:      /* ICS TRIM */
  132:      0xB0,                                 /* uint8_t NV_ICSTRM; */
  133:      /* ICSSC */    
  134:      0x50,                                 /* uint8_t NV_ICSSC; */
  135:    #endif SYSTEM_CLOCK_16780MHZ
  136:  
  137:      /* uint8_t MAC_Address[8]; */
  138:      0xFF,0xFF,0xFF,0xFF,0xFF,0xFF,0xFF,0xFF,
  139:  
  140:      0xBC,                                 /* uint8_t defaultPowerLevel; */
  141:  
  142:    #ifdef TARGET_TOROWEAP
  143:      #if (gTargetQE128EVB_d == 1) 
  144:       FALSE,
  145:      #else      
  146:       TRUE,                                 /* uint8_t useDualAntenna; */
  147:      #endif 
  148:    #elif gTarget_UserDefined_d  
  149:      gUseExternalAntennaSwitch_c, 
  150:    #else
  151:       FALSE,                                /* uint8_t useDualAntenna; */
  152:    #endif /* TARGET_TOROWEAP */
  153:  
  154:      CHANNEL_PA,
  155:      gaHardwareParametersDelimiterString_c,    /* terminalString */
  156:    };
  157:  
  158:  
  159:  #elif defined(PROCESSOR_MC1323X) 
  160:  //tbd
  161:  /* Used to initialize gNvMacDataSet if no NV storage copy is found. */
  162:  HardwareParameters_t const gHardwareParameters = {
  163:    gaHardwareParametersDelimiterString_c,    /* initialString */
  164:  
  165:    #ifdef SYSTEM_CLOCK_8MHZ
  166:      0x08, /* 8 MHz Bus_Frequency_In_MHz */
  167:      /* SOMC1 register should be set by application */
  168:      //0x2C, // SOMC1_value (RDIV = 1;XTAL0EN = 0;1KHZ_EN =1; XTAL1EN = 1;TAL1_TST_OUT = 0;CLKS_TST_OUT = 0)    
  169:      0x9E, // Xtal_Trim
  170:    #endif SYSTEM_CLOCK_8MHZ
  171:  
  172:    #ifdef SYSTEM_CLOCK_16MHZ
  173:      0x10, /* 16 MHz Bus_Frequency_In_MHz */
  174:      /* SOMC1 register should be set by application */
  175:      //0x0C, // SOMC1_value (RDIV = 0;XTAL0EN = 0;1KHZ_EN =1; XTAL1EN = 1;TAL1_TST_OUT = 0;CLKS_TST_OUT = 0)
  176:      0x9E, // Xtal_Trim                                 /* uint8_t NV_ICSSC; */
  177:    #endif SYSTEM_CLOCK_16MHZ
  178:      0xff,//SCGC1
  179:      0xff,//SCGC2
  180:     /* uint8_t MAC_Address[8]; */
  181:      0xFF,0xFF,0xFF,0xFF,0xFF,0xFF,0xFF,0xFF,
  182:      0xB,                                 /* uint8_t defaultPowerLevel; */
  183:      FALSE,/* uint8_t useDualAntenna; */
  184:      gaMC1323x_CCA_Threshold_c, /* ccaThreshold */
  185:      gaMC1323x_CCA_Offset_c,   /* ccaOffset */
  186:      CHANNEL_PA,
  187:      gaHardwareParametersDelimiterString_c,    /* terminalString */
  188:    };
  189:  
  190:  
  191:  #else
  192:  // PROCESSOR_HCS08
  193:  
  194:  /* The MAC data set is special. Some of the data in it is used to initialize
  195:   * the CPU and other hardware, before the C main() program begins, and is
  196:   * also used later by the main C code.
  197:   * The C initialized data section in memory has not been initialized yet,
  198:   * so we can't depend on anything in RAM. The .bss (zero'ed memory) and
  199:   * initialized data section will be initialized later, so we can't store
  200:   * anything there for the main C code to use.
  201:   * This structure is in RAM, in it's own linker section, which is marked to
  202:   * not be initialized at all by the usual C runtime .bss and initialzed data
  203:   * procedures. Code in the C runtime startup (crt0.c) handles initializing
  204:   * it in a non-standard way.
  205:   *
  206:   * WARNING: The size of the HARDWARE_INIT_PARAMETERS section in the linker
  207:   * command file must be manually coordinated with the size of the
  208:   * HardwareInitParameters_t struct.
  209:   */
  210:   
  211:  HardwareParameters_t const gHardwareParameters = {
  212:    gaHardwareParametersDelimiterString_c,    /* initialString */
  213:  
  214:  #ifdef SYSTEM_CLOCK_8MHZ
  215:    /* 8 MHz  */
  216:    0x08,                                 /* uint8_t Bus_Frequency_In_MHz; */
  217:    /* uint16_t Abel_Clock_Out_Setting; */
  218:      CLOCK_OUT_SETTING,
  219:    /* uint16_t Abel_HF_Calibration; */
  220:      HF_CALIBRATION,
  221:    /* ICG  */
  222:    0x18,                                 /* uint8_t NV_ICGC1; */
  223:    /* 0x00 => CPU clk=16 MHz, Buc clk = 8 MHz  */
  224:    0x00,                                 /* uint8_t NV_ICGC2; */
  225:  
  226:    /* ICG Filter */
  227:    0x02,                                 /* uint8_t NV_ICGFLTU; */
  228:    0x40,                                 /* uint8_t NV_ICGFLTL; */
  229:  #endif SYSTEM_CLOCK_8MHZ
  230:  
  231:  #ifdef SYSTEM_CLOCK_12MHZ
  232:    /* 12 MHz */
  233:    0x0C,                                 /* uint8_t Bus_Frequency_In_MHz; */
  234:    /* uint16_t Abel_Clock_Out_Setting; */
  235:      CLOCK_OUT_SETTING,
  236:    /* uint16_t Abel_HF_Calibration; */
  237:      HF_CALIBRATION,
  238:    /* ICG clock  */
  239:    0x18,                                 /* uint8_t NV_ICGC1; */
  240:    /* 0x41 => CPU clk=24 MHz, Buc clk = 12 MHz  */
  241:    0x41,                                 /* uint8_t NV_ICGC2; */
  242:  
  243:    /* ICG Filter */
  244:    0x02,                                 /* uint8_t NV_ICGFLTU; */
  245:    0x40,                                 /* uint8_t NV_ICGFLTL; */
  246:  #endif SYSTEM_CLOCK_12MHZ
  247:  
  248:  #ifdef SYSTEM_CLOCK_16MHZ
  249:    0x10, /* 16 MHz */
  250:    /* uint16_t Abel_Clock_Out_Setting; */
  251:      CLOCK_OUT_SETTING,
  252:    /* uint16_t Abel_HF_Calibration; */
  253:      HF_CALIBRATION,
  254:    /* ICG clock  */
  255:    0x18,                                 /* uint8_t NV_ICGC1; */
  256:    /* 0x20 => CPU clk=32 MHz, Buc clk = 16 MHz */
  257:    0x20,                                 /* uint8_t NV_ICGC2; */
  258:  
  259:    /* ICG Filter */
  260:    0x02,                                 /* uint8_t NV_ICGFLTU; */
  261:    0x40,                                 /* uint8_t NV_ICGFLTL; */
  262:  #endif SYSTEM_CLOCK_16MHZ
  263:  
  264:  #ifdef SYSTEM_CLOCK_16780MHZ
  265:    /* 16 MHz -> ~16,78 MHz */
  266:    0x10,
  267:    /* uint16_t Abel_Clock_Out_Setting; */
  268:      CLOCK_OUT_SETTING,
  269:    /* uint16_t Abel_HF_Calibration; */
  270:      HF_CALIBRATION,
  271:    /* ICG clock  */
  272:    0x18,                                 /* uint8_t NV_ICGC1; */
  273:    /* 0x60 => CPU clk=32,78 MHz, Buc clk = 16,39 MHz */
  274:    0x60,                                 /* uint8_t NV_ICGC2; */
  275:  
  276:    /* ICG Filter */
  277:    0x02,                                 /* uint8_t NV_ICGFLTU; */
  278:    0x40,                                 /* uint8_t NV_ICGFLTL; */
  279:  #endif SYSTEM_CLOCK_16780MHZ
  280:  
  281:    /* uint8_t MAC_Address[8]; */
  282:    0xFF,0xFF,0xFF,0xFF,0xFF,0xFF,0xFF,0xFF,
  283:  
  284:    0xBC,                                 /* uint8_t defaultPowerLevel; */
  285:  
  286:  #ifdef TARGET_TOROWEAP      
  287:    TRUE,                                 /* uint8_t useDualAntenna; */                                
  288:  #elif gTarget_UserDefined_d  
  289:    gUseExternalAntennaSwitch_c, 
  290:  #else
  291:    FALSE,                                /* uint8_t useDualAntenna; */
  292:  #endif /* TARGET_TOROWEAP */
  293:  
  294:    CHANNEL_PA,
  295:    gaHardwareParametersDelimiterString_c,    /* terminalString */
  296:  };
  297:  
  298:  #endif /* PROCESSOR_QE128 */
  299:  
  300:  
  301:  #pragma CONST_SEG DEFAULT
  302:  
  303:  
  304:  
  305:  /*****************************************************************************
  306:  ******************************************************************************
  307:  * Public memory declarations
  308:  ******************************************************************************
  309:  *****************************************************************************/
  310:  /* Define the NV storage data sets. Each table must end with "{NULL, 0}". */
  311:  
  312:  /* If the NV storage module's self test flag is on, the NV code will use */
  313:  /* it's own internal data. */
  314:  #if !gNvSelfTest_d
  315:  
  316:  #if gMacStandAlone_d
  317:  /* This data set contains MAC layer variables to be preserved across resets */
  318:  NvDataItemDescription_t const gaNvNwkDataSet[] = {
  319:    {NULL, 0}       /* Required end-of-table marker. */
  320:  };
  321:  #endif
  322:  
  323:  /* different for each application */
  324:  extern NvDataItemDescription_t const gaNvAppDataSet[];
  325:  
  326:  /* Table of data sets. Required by the NV storage module. */
  327:  /* There must be gNvNumberOfDataSets_c entries in this table. If the */
  328:  /* number of entries changes, gNvNumberOfDataSets_c must be changed. */
  329:  NvDataSetDescription_t const NvDataSetTable[gNvNumberOfDataSets_c] = {
  330:    {gNvDataSet_Nwk_ID_c, gaNvNwkDataSet},
  331:    {gNvDataSet_App_ID_c, gaNvAppDataSet}
  332:  };
  333:  #endif                                  /* #if !gNvSelfTest_d */
  334:  
  335:  
