*** EVALUATION ***
ANSI-C/cC++ Compiler for HC08 V-5.0.41 Build 12319, Nov 15 2012

    1:  /*****************************************************************************
    2:  * This module configures function to return the reset reasons
    3:  *
    4:  *
    5:  * (c) Copyright 2005, Freescale, Inc. All rights reserved.
    6:  *
    7:  *
    8:  * No part of this document must be reproduced in any form - including copied,
    9:  * transcribed, printed or by any electronic means - without specific written
   10:  * permission from Freescale Semiconductor.
   11:  *
   12:  *****************************************************************************/
   13:  #include "EmbeddedTypes.h" /*Typedef for Data types*/
   14:  #include "IoConfig.h"
   15:  #include "RST_Interface.h"
   16:  
   17:  /*****************************************************************************
   18:  ******************************************************************************
   19:  * Private macros
   20:  ******************************************************************************
   21:  *****************************************************************************/
   22:  
   23:  /*****************************************************************************
   24:  ******************************************************************************
   25:  * Private prototypes
   26:  ******************************************************************************
   27:  *****************************************************************************/
   28:  /*None*/
   29:  
   30:  /*****************************************************************************
   31:  ******************************************************************************
   32:  * Private type definitions
   33:  ******************************************************************************
   34:  *****************************************************************************/
   35:  /*None*/
   36:  
   37:  /*****************************************************************************
   38:  ******************************************************************************
   39:  * Private memory declarations
   40:  ******************************************************************************
   41:  *****************************************************************************/
   42:  uint8_t gRSTResetStatus;/*illopcode and COP reset sets this variable*/
   43:  
   44:  /*****************************************************************************
   45:  ******************************************************************************
   46:  * Public functions
   47:  ******************************************************************************
   48:  *****************************************************************************/
   49:  
   50:  /*****************************************************************************
   51:  * Sets a global variable according to the reset reason detected.
   52:  *
   53:  * Interface assumptions:
   54:  *
   55:  * Return value:
   56:  * None
   57:  *
   58:  *****************************************************************************/
   59:  
   60:  void RST_GetResetStatus(void){
   61:      gRSTResetStatus = SIMRS;
  0000 c61800   [4]             LDA   6144
  0003 c70000   [4]             STA   gRSTResetStatus
   62:  }
  0006 8d       [7]             RTC   
   63:  
   64:  /*****************************************************************************
   65:  ******************************************************************************
   66:  * Private functions
   67:  ******************************************************************************
   68:  *****************************************************************************/
   69:  /*None*/
   70:  
   71:  /*****************************************************************************
   72:  ******************************************************************************
   73:  * Private Debug stuff
   74:  ******************************************************************************
   75:  *****************************************************************************/
   76:  /*None*/
   77:  
